# JRE version: Java(TM) SE Runtime Environment (8.0_121-b13) (build 1.8.0_121-b13)
# Java VM: Java HotSpot(TM) 64-Bit Server VM (25.121-b13 mixed mode windows-amd64 compressed oops)
Heap:
 PSYoungGen      total 134656K, used 99608K [0x00000000d5580000, 0x00000000e4c80000, 0x0000000100000000)
  eden space 122368K, 81% used [0x00000000d5580000,0x00000000db6c6170,0x00000000dcd00000)
  from space 12288K, 0% used [0x00000000dcd00000,0x00000000dcd00000,0x00000000dd900000)
  to   space 15872K, 0% used [0x00000000e3d00000,0x00000000e3d00000,0x00000000e4c80000)
 ParOldGen       total 73216K, used 20256K [0x0000000080000000, 0x0000000084780000, 0x00000000d5580000)
  object space 73216K, 27% used [0x0000000080000000,0x00000000813c8140,0x0000000084780000)
 Metaspace       used 39879K, capacity 41640K, committed 41980K, reserved 1085440K
  class space    used 5203K, capacity 5555K, committed 5680K, reserved 1048576K
GC Heap History (10 events):
Event: 3.946 GC heap before
{Heap before GC invocations=5 (full 1):
 PSYoungGen      total 71680K, used 4976K [0x00000000d5580000, 0x00000000da080000, 0x0000000100000000)
  eden space 66560K, 0% used [0x00000000d5580000,0x00000000d5580000,0x00000000d9680000)
  from space 5120K, 97% used [0x00000000d9b80000,0x00000000da05c010,0x00000000da080000)
  to   space 5120K, 0% used [0x00000000d9680000,0x00000000d9680000,0x00000000d9b80000)
 ParOldGen       total 87552K, used 5600K [0x0000000080000000, 0x0000000085580000, 0x00000000d5580000)
  object space 87552K, 6% used [0x0000000080000000,0x00000000805780d8,0x0000000085580000)
 Metaspace       used 20971K, capacity 21466K, committed 21628K, reserved 1069056K
  class space    used 2750K, capacity 2914K, committed 2992K, reserved 1048576K
Event: 3.979 GC heap after
Heap after GC invocations=5 (full 1):
 PSYoungGen      total 71680K, used 0K [0x00000000d5580000, 0x00000000da080000, 0x0000000100000000)
  eden space 66560K, 0% used [0x00000000d5580000,0x00000000d5580000,0x00000000d9680000)
  from space 5120K, 0% used [0x00000000d9b80000,0x00000000d9b80000,0x00000000da080000)
  to   space 5120K, 0% used [0x00000000d9680000,0x00000000d9680000,0x00000000d9b80000)
 ParOldGen       total 46592K, used 4824K [0x0000000080000000, 0x0000000082d80000, 0x00000000d5580000)
  object space 46592K, 10% used [0x0000000080000000,0x00000000804b6248,0x0000000082d80000)
 Metaspace       used 20969K, capacity 21460K, committed 21628K, reserved 1069056K
  class space    used 2749K, capacity 2913K, committed 2992K, reserved 1048576K
}
Event: 6.232 GC heap before
{Heap before GC invocations=6 (full 1):
 PSYoungGen      total 71680K, used 66560K [0x00000000d5580000, 0x00000000da080000, 0x0000000100000000)
  eden space 66560K, 100% used [0x00000000d5580000,0x00000000d9680000,0x00000000d9680000)
  from space 5120K, 0% used [0x00000000d9b80000,0x00000000d9b80000,0x00000000da080000)
  to   space 5120K, 0% used [0x00000000d9680000,0x00000000d9680000,0x00000000d9b80000)
 ParOldGen       total 46592K, used 4824K [0x0000000080000000, 0x0000000082d80000, 0x00000000d5580000)
  object space 46592K, 10% used [0x0000000080000000,0x00000000804b6248,0x0000000082d80000)
 Metaspace       used 26828K, capacity 27798K, committed 28028K, reserved 1073152K
  class space    used 3497K, capacity 3730K, committed 3760K, reserved 1048576K
Event: 6.241 GC heap after
Heap after GC invocations=6 (full 1):
 PSYoungGen      total 71680K, used 5090K [0x00000000d5580000, 0x00000000de400000, 0x0000000100000000)
  eden space 66560K, 0% used [0x00000000d5580000,0x00000000d5580000,0x00000000d9680000)
  from space 5120K, 99% used [0x00000000d9680000,0x00000000d9b78b80,0x00000000d9b80000)
  to   space 10752K, 0% used [0x00000000dd980000,0x00000000dd980000,0x00000000de400000)
 ParOldGen       total 46592K, used 7929K [0x0000000080000000, 0x0000000082d80000, 0x00000000d5580000)
  object space 46592K, 17% used [0x0000000080000000,0x00000000807be568,0x0000000082d80000)
 Metaspace       used 26828K, capacity 27798K, committed 28028K, reserved 1073152K
  class space    used 3497K, capacity 3730K, committed 3760K, reserved 1048576K
}
Event: 8.818 GC heap before
{Heap before GC invocations=7 (full 1):
 PSYoungGen      total 71680K, used 71650K [0x00000000d5580000, 0x00000000de400000, 0x0000000100000000)
  eden space 66560K, 100% used [0x00000000d5580000,0x00000000d9680000,0x00000000d9680000)
  from space 5120K, 99% used [0x00000000d9680000,0x00000000d9b78b80,0x00000000d9b80000)
  to   space 10752K, 0% used [0x00000000dd980000,0x00000000dd980000,0x00000000de400000)
 ParOldGen       total 46592K, used 7929K [0x0000000080000000, 0x0000000082d80000, 0x00000000d5580000)
  object space 46592K, 17% used [0x0000000080000000,0x00000000807be568,0x0000000082d80000)
 Metaspace       used 30234K, capacity 31224K, committed 31612K, reserved 1077248K
  class space    used 3935K, capacity 4145K, committed 4272K, reserved 1048576K
Event: 8.834 GC heap after
Heap after GC invocations=7 (full 1):
 PSYoungGen      total 133120K, used 10616K [0x00000000d5580000, 0x00000000de500000, 0x0000000100000000)
  eden space 122368K, 0% used [0x00000000d5580000,0x00000000d5580000,0x00000000dcd00000)
  from space 10752K, 98% used [0x00000000dd980000,0x00000000de3de348,0x00000000de400000)
  to   space 12288K, 0% used [0x00000000dcd00000,0x00000000dcd00000,0x00000000dd900000)
 ParOldGen       total 46592K, used 7937K [0x0000000080000000, 0x0000000082d80000, 0x00000000d5580000)
  object space 46592K, 17% used [0x0000000080000000,0x00000000807c0568,0x0000000082d80000)
 Metaspace       used 30234K, capacity 31224K, committed 31612K, reserved 1077248K
  class space    used 3935K, capacity 4145K, committed 4272K, reserved 1048576K
}
Event: 10.682 GC heap before
{Heap before GC invocations=8 (full 1):
 PSYoungGen      total 133120K, used 56435K [0x00000000d5580000, 0x00000000de500000, 0x0000000100000000)
  eden space 122368K, 37% used [0x00000000d5580000,0x00000000d823eb70,0x00000000dcd00000)
  from space 10752K, 98% used [0x00000000dd980000,0x00000000de3de348,0x00000000de400000)
  to   space 12288K, 0% used [0x00000000dcd00000,0x00000000dcd00000,0x00000000dd900000)
 ParOldGen       total 46592K, used 7937K [0x0000000080000000, 0x0000000082d80000, 0x00000000d5580000)
  object space 46592K, 17% used [0x0000000080000000,0x00000000807c0568,0x0000000082d80000)
 Metaspace       used 34580K, capacity 35980K, committed 36048K, reserved 1081344K
  class space    used 4475K, capacity 4767K, committed 4784K, reserved 1048576K
Event: 10.703 GC heap after
Heap after GC invocations=8 (full 1):
 PSYoungGen      total 134656K, used 12262K [0x00000000d5580000, 0x00000000e4c80000, 0x0000000100000000)
  eden space 122368K, 0% used [0x00000000d5580000,0x00000000d5580000,0x00000000dcd00000)
  from space 12288K, 99% used [0x00000000dcd00000,0x00000000dd8f9ba0,0x00000000dd900000)
  to   space 15872K, 0% used [0x00000000e3d00000,0x00000000e3d00000,0x00000000e4c80000)
 ParOldGen       total 46592K, used 11598K [0x0000000080000000, 0x0000000082d80000, 0x00000000d5580000)
  object space 46592K, 24% used [0x0000000080000000,0x0000000080b53a80,0x0000000082d80000)
 Metaspace       used 34580K, capacity 35980K, committed 36048K, reserved 1081344K
  class space    used 4475K, capacity 4767K, committed 4784K, reserved 1048576K
}
Event: 10.703 GC heap before
{Heap before GC invocations=9 (full 2):
 PSYoungGen      total 134656K, used 12262K [0x00000000d5580000, 0x00000000e4c80000, 0x0000000100000000)
  eden space 122368K, 0% used [0x00000000d5580000,0x00000000d5580000,0x00000000dcd00000)
  from space 12288K, 99% used [0x00000000dcd00000,0x00000000dd8f9ba0,0x00000000dd900000)
  to   space 15872K, 0% used [0x00000000e3d00000,0x00000000e3d00000,0x00000000e4c80000)
 ParOldGen       total 46592K, used 11598K [0x0000000080000000, 0x0000000082d80000, 0x00000000d5580000)
  object space 46592K, 24% used [0x0000000080000000,0x0000000080b53a80,0x0000000082d80000)
 Metaspace       used 34580K, capacity 35980K, committed 36048K, reserved 1081344K
  class space    used 4475K, capacity 4767K, committed 4784K, reserved 1048576K
Event: 10.820 GC heap after
Heap after GC invocations=9 (full 2):
 PSYoungGen      total 134656K, used 0K [0x00000000d5580000, 0x00000000e4c80000, 0x0000000100000000)
  eden space 122368K, 0% used [0x00000000d5580000,0x00000000d5580000,0x00000000dcd00000)
  from space 12288K, 0% used [0x00000000dcd00000,0x00000000dcd00000,0x00000000dd900000)
  to   space 15872K, 0% used [0x00000000e3d00000,0x00000000e3d00000,0x00000000e4c80000)
 ParOldGen       total 73216K, used 20256K [0x0000000080000000, 0x0000000084780000, 0x00000000d5580000)
  object space 73216K, 27% used [0x0000000080000000,0x00000000813c8140,0x0000000084780000)
 Metaspace       used 34580K, capacity 35980K, committed 36048K, reserved 1081344K
  class space    used 4475K, capacity 4767K, committed 4784K, reserved 1048576K
}

