# JRE version: Java(TM) SE Runtime Environment (8.0_121-b13) (build 1.8.0_121-b13)
# Java VM: Java HotSpot(TM) 64-Bit Server VM (25.121-b13 mixed mode windows-amd64 compressed oops)
Heap:
 PSYoungGen      total 71680K, used 46422K [0x00000000d5580000, 0x00000000dd880000, 0x0000000100000000)
  eden space 66560K, 62% used [0x00000000d5580000,0x00000000d7dd9810,0x00000000d9680000)
  from space 5120K, 99% used [0x00000000d9680000,0x00000000d9b7c3c0,0x00000000d9b80000)
  to   space 8704K, 0% used [0x00000000dd000000,0x00000000dd000000,0x00000000dd880000)
 ParOldGen       total 50176K, used 8578K [0x0000000080000000, 0x0000000083100000, 0x00000000d5580000)
  object space 50176K, 17% used [0x0000000080000000,0x0000000080860ad8,0x0000000083100000)
 Metaspace       used 29690K, capacity 30646K, committed 30768K, reserved 1075200K
  class space    used 3859K, capacity 4100K, committed 4144K, reserved 1048576K
GC Heap History (10 events):
Event: 3.059 GC heap before
{Heap before GC invocations=2 (full 0):
 PSYoungGen      total 38400K, used 37973K [0x00000000d5580000, 0x00000000d8000000, 0x0000000100000000)
  eden space 33280K, 100% used [0x00000000d5580000,0x00000000d7600000,0x00000000d7600000)
  from space 5120K, 91% used [0x00000000d7600000,0x00000000d7a95770,0x00000000d7b00000)
  to   space 5120K, 0% used [0x00000000d7b00000,0x00000000d7b00000,0x00000000d8000000)
 ParOldGen       total 87552K, used 8K [0x0000000080000000, 0x0000000085580000, 0x00000000d5580000)
  object space 87552K, 0% used [0x0000000080000000,0x0000000080002000,0x0000000085580000)
 Metaspace       used 15494K, capacity 15862K, committed 16000K, reserved 1062912K
  class space    used 2024K, capacity 2148K, committed 2176K, reserved 1048576K
Event: 3.076 GC heap after
Heap after GC invocations=2 (full 0):
 PSYoungGen      total 38400K, used 5092K [0x00000000d5580000, 0x00000000da080000, 0x0000000100000000)
  eden space 33280K, 0% used [0x00000000d5580000,0x00000000d5580000,0x00000000d7600000)
  from space 5120K, 99% used [0x00000000d7b00000,0x00000000d7ff9200,0x00000000d8000000)
  to   space 5120K, 0% used [0x00000000d7600000,0x00000000d7600000,0x00000000d7b00000)
 ParOldGen       total 87552K, used 1754K [0x0000000080000000, 0x0000000085580000, 0x00000000d5580000)
  object space 87552K, 2% used [0x0000000080000000,0x00000000801b69b0,0x0000000085580000)
 Metaspace       used 15494K, capacity 15862K, committed 16000K, reserved 1062912K
  class space    used 2024K, capacity 2148K, committed 2176K, reserved 1048576K
}
Event: 3.790 GC heap before
{Heap before GC invocations=3 (full 0):
 PSYoungGen      total 38400K, used 38372K [0x00000000d5580000, 0x00000000da080000, 0x0000000100000000)
  eden space 33280K, 100% used [0x00000000d5580000,0x00000000d7600000,0x00000000d7600000)
  from space 5120K, 99% used [0x00000000d7b00000,0x00000000d7ff9200,0x00000000d8000000)
  to   space 5120K, 0% used [0x00000000d7600000,0x00000000d7600000,0x00000000d7b00000)
 ParOldGen       total 87552K, used 1754K [0x0000000080000000, 0x0000000085580000, 0x00000000d5580000)
  object space 87552K, 2% used [0x0000000080000000,0x00000000801b69b0,0x0000000085580000)
 Metaspace       used 19183K, capacity 19762K, committed 19840K, reserved 1067008K
  class space    used 2486K, capacity 2642K, committed 2688K, reserved 1048576K
Event: 3.798 GC heap after
Heap after GC invocations=3 (full 0):
 PSYoungGen      total 38400K, used 5108K [0x00000000d5580000, 0x00000000da080000, 0x0000000100000000)
  eden space 33280K, 0% used [0x00000000d5580000,0x00000000d5580000,0x00000000d7600000)
  from space 5120K, 99% used [0x00000000d7600000,0x00000000d7afd1c8,0x00000000d7b00000)
  to   space 5120K, 0% used [0x00000000d9b80000,0x00000000d9b80000,0x00000000da080000)
 ParOldGen       total 87552K, used 4425K [0x0000000080000000, 0x0000000085580000, 0x00000000d5580000)
  object space 87552K, 5% used [0x0000000080000000,0x00000000804527f0,0x0000000085580000)
 Metaspace       used 19183K, capacity 19762K, committed 19840K, reserved 1067008K
  class space    used 2486K, capacity 2642K, committed 2688K, reserved 1048576K
}
Event: 3.914 GC heap before
{Heap before GC invocations=4 (full 0):
 PSYoungGen      total 38400K, used 20695K [0x00000000d5580000, 0x00000000da080000, 0x0000000100000000)
  eden space 33280K, 46% used [0x00000000d5580000,0x00000000d64b8ce8,0x00000000d7600000)
  from space 5120K, 99% used [0x00000000d7600000,0x00000000d7afd1c8,0x00000000d7b00000)
  to   space 5120K, 0% used [0x00000000d9b80000,0x00000000d9b80000,0x00000000da080000)
 ParOldGen       total 87552K, used 4425K [0x0000000080000000, 0x0000000085580000, 0x00000000d5580000)
  object space 87552K, 5% used [0x0000000080000000,0x00000000804527f0,0x0000000085580000)
 Metaspace       used 20714K, capacity 21238K, committed 21296K, reserved 1067008K
  class space    used 2689K, capacity 2836K, committed 2864K, reserved 1048576K
Event: 3.934 GC heap after
Heap after GC invocations=4 (full 0):
 PSYoungGen      total 71680K, used 5110K [0x00000000d5580000, 0x00000000da080000, 0x0000000100000000)
  eden space 66560K, 0% used [0x00000000d5580000,0x00000000d5580000,0x00000000d9680000)
  from space 5120K, 99% used [0x00000000d9b80000,0x00000000da07d978,0x00000000da080000)
  to   space 5120K, 0% used [0x00000000d9680000,0x00000000d9680000,0x00000000d9b80000)
 ParOldGen       total 87552K, used 5757K [0x0000000080000000, 0x0000000085580000, 0x00000000d5580000)
  object space 87552K, 6% used [0x0000000080000000,0x000000008059f688,0x0000000085580000)
 Metaspace       used 20714K, capacity 21238K, committed 21296K, reserved 1067008K
  class space    used 2689K, capacity 2836K, committed 2864K, reserved 1048576K
}
Event: 3.934 GC heap before
{Heap before GC invocations=5 (full 1):
 PSYoungGen      total 71680K, used 5110K [0x00000000d5580000, 0x00000000da080000, 0x0000000100000000)
  eden space 66560K, 0% used [0x00000000d5580000,0x00000000d5580000,0x00000000d9680000)
  from space 5120K, 99% used [0x00000000d9b80000,0x00000000da07d978,0x00000000da080000)
  to   space 5120K, 0% used [0x00000000d9680000,0x00000000d9680000,0x00000000d9b80000)
 ParOldGen       total 87552K, used 5757K [0x0000000080000000, 0x0000000085580000, 0x00000000d5580000)
  object space 87552K, 6% used [0x0000000080000000,0x000000008059f688,0x0000000085580000)
 Metaspace       used 20714K, capacity 21238K, committed 21296K, reserved 1067008K
  class space    used 2689K, capacity 2836K, committed 2864K, reserved 1048576K
Event: 3.983 GC heap after
Heap after GC invocations=5 (full 1):
 PSYoungGen      total 71680K, used 0K [0x00000000d5580000, 0x00000000da080000, 0x0000000100000000)
  eden space 66560K, 0% used [0x00000000d5580000,0x00000000d5580000,0x00000000d9680000)
  from space 5120K, 0% used [0x00000000d9b80000,0x00000000d9b80000,0x00000000da080000)
  to   space 5120K, 0% used [0x00000000d9680000,0x00000000d9680000,0x00000000d9b80000)
 ParOldGen       total 50176K, used 6262K [0x0000000080000000, 0x0000000083100000, 0x00000000d5580000)
  object space 50176K, 12% used [0x0000000080000000,0x000000008061db20,0x0000000083100000)
 Metaspace       used 20714K, capacity 21238K, committed 21296K, reserved 1067008K
  class space    used 2689K, capacity 2836K, committed 2864K, reserved 1048576K
}
Event: 6.160 GC heap before
{Heap before GC invocations=6 (full 1):
 PSYoungGen      total 71680K, used 66560K [0x00000000d5580000, 0x00000000da080000, 0x0000000100000000)
  eden space 66560K, 100% used [0x00000000d5580000,0x00000000d9680000,0x00000000d9680000)
  from space 5120K, 0% used [0x00000000d9b80000,0x00000000d9b80000,0x00000000da080000)
  to   space 5120K, 0% used [0x00000000d9680000,0x00000000d9680000,0x00000000d9b80000)
 ParOldGen       total 50176K, used 6262K [0x0000000080000000, 0x0000000083100000, 0x00000000d5580000)
  object space 50176K, 12% used [0x0000000080000000,0x000000008061db20,0x0000000083100000)
 Metaspace       used 27575K, capacity 28432K, committed 28720K, reserved 1075200K
  class space    used 3611K, capacity 3811K, committed 3888K, reserved 1048576K
Event: 6.170 GC heap after
Heap after GC invocations=6 (full 1):
 PSYoungGen      total 71680K, used 5104K [0x00000000d5580000, 0x00000000dd880000, 0x0000000100000000)
  eden space 66560K, 0% used [0x00000000d5580000,0x00000000d5580000,0x00000000d9680000)
  from space 5120K, 99% used [0x00000000d9680000,0x00000000d9b7c3c0,0x00000000d9b80000)
  to   space 8704K, 0% used [0x00000000dd000000,0x00000000dd000000,0x00000000dd880000)
 ParOldGen       total 50176K, used 8578K [0x0000000080000000, 0x0000000083100000, 0x00000000d5580000)
  object space 50176K, 17% used [0x0000000080000000,0x0000000080860ad8,0x0000000083100000)
 Metaspace       used 27575K, capacity 28432K, committed 28720K, reserved 1075200K
  class space    used 3611K, capacity 3811K, committed 3888K, reserved 1048576K
}

